app/build/intermediates/manifest_merge_blame_file/debug/processDebugMainManifest/manifest-merger-blame-debug-report.txt
1<?xml version="1.0" encoding="utf-8"?>
2<manifest xmlns:android="http://schemas.android.com/apk/res/android"
3    package="com.habittracker.app"
4    android:versionCode="1"
5    android:versionName="1.0" >
6
7    <uses-sdk
8        android:minSdkVersion="26"
9        android:targetSdkVersion="35" />
10
11    <uses-permission android:name="android.permission.POST_NOTIFICATIONS" />
11-->src\main\AndroidManifest.xml:4:5-77
11-->src\main\AndroidManifest.xml:4:22-74
12    <uses-permission android:name="android.permission.WAKE_LOCK" />
12-->[androidx.work:work-runtime:2.9.0] AndroidManifest.xml:23:5-68
12-->[androidx.work:work-runtime:2.9.0] AndroidManifest.xml:23:22-65
13    <uses-permission android:name="android.permission.ACCESS_NETWORK_STATE" />
13-->[androidx.work:work-runtime:2.9.0] AndroidManifest.xml:24:5-79
13-->[androidx.work:work-runtime:2.9.0] AndroidManifest.xml:24:22-76
14    <uses-permission android:name="android.permission.RECEIVE_BOOT_COMPLETED" />
14-->[androidx.work:work-runtime:2.9.0] AndroidManifest.xml:25:5-81
14-->[androidx.work:work-runtime:2.9.0] AndroidManifest.xml:25:22-78
15    <uses-permission android:name="android.permission.FOREGROUND_SERVICE" />
15-->[androidx.work:work-runtime:2.9.0] AndroidManifest.xml:26:5-77
15-->[androidx.work:work-runtime:2.9.0] AndroidManifest.xml:26:22-74
16
17    <permission
17-->[androidx.core:core:1.13.1] AndroidManifest.xml:22:5-24:47
18        android:name="com.habittracker.app.DYNAMIC_RECEIVER_NOT_EXPORTED_PERMISSION"
18-->[androidx.core:core:1.13.1] AndroidManifest.xml:23:9-81
19        android:protectionLevel="signature" />
19-->[androidx.core:core:1.13.1] AndroidManifest.xml:24:9-44
20
21    <uses-permission android:name="com.habittracker.app.DYNAMIC_RECEIVER_NOT_EXPORTED_PERMISSION" />
21-->[androidx.core:core:1.13.1] AndroidManifest.xml:26:5-97
21-->[androidx.core:core:1.13.1] AndroidManifest.xml:26:22-94
22
23    <application
23-->src\main\AndroidManifest.xml:6:5-37:19
24        android:name="com.habittracker.app.HabitTrackerApplication"
24-->src\main\AndroidManifest.xml:7:9-48
25        android:allowBackup="true"
25-->src\main\AndroidManifest.xml:8:9-35
26        android:appComponentFactory="androidx.core.app.CoreComponentFactory"
26-->[androidx.core:core:1.13.1] AndroidManifest.xml:28:18-86
27        android:debuggable="true"
28        android:extractNativeLibs="false"
29        android:icon="@mipmap/ic_launcher"
29-->src\main\AndroidManifest.xml:9:9-43
30        android:label="@string/app_name"
30-->src\main\AndroidManifest.xml:10:9-41
31        android:roundIcon="@mipmap/ic_launcher_round"
31-->src\main\AndroidManifest.xml:11:9-54
32        android:supportsRtl="true"
32-->src\main\AndroidManifest.xml:12:9-35
33        android:testOnly="true"
34        android:theme="@style/Theme.HabitTracker" >
34-->src\main\AndroidManifest.xml:13:9-50
35        <activity
35-->src\main\AndroidManifest.xml:15:9-23:20
36            android:name="com.habittracker.app.MainActivity"
36-->src\main\AndroidManifest.xml:16:13-41
37            android:exported="true"
37-->src\main\AndroidManifest.xml:17:13-36
38            android:windowSoftInputMode="adjustResize" >
38-->src\main\AndroidManifest.xml:18:13-55
39            <intent-filter>
39-->src\main\AndroidManifest.xml:19:13-22:29
40                <action android:name="android.intent.action.MAIN" />
40-->src\main\AndroidManifest.xml:20:17-69
40-->src\main\AndroidManifest.xml:20:25-66
41
42                <category android:name="android.intent.category.LAUNCHER" />
42-->src\main\AndroidManifest.xml:21:17-77
42-->src\main\AndroidManifest.xml:21:27-74
43            </intent-filter>
44        </activity>
45
46        <!-- Glance Widget Receiver -->
47        <receiver
47-->src\main\AndroidManifest.xml:26:9-35:20
48            android:name="com.habittracker.app.widget.HabitWidgetReceiver"
48-->src\main\AndroidManifest.xml:27:13-55
49            android:exported="true" >
49-->src\main\AndroidManifest.xml:28:13-36
50            <intent-filter>
50-->src\main\AndroidManifest.xml:29:13-31:29
51                <action android:name="android.appwidget.action.APPWIDGET_UPDATE" />
51-->src\main\AndroidManifest.xml:30:17-84
51-->src\main\AndroidManifest.xml:30:25-81
52            </intent-filter>
53
54            <meta-data
54-->src\main\AndroidManifest.xml:32:13-34:61
55                android:name="android.appwidget.provider"
55-->src\main\AndroidManifest.xml:33:17-58
56                android:resource="@xml/habit_widget_info" />
56-->src\main\AndroidManifest.xml:34:17-58
57        </receiver>
58
59        <activity
59-->[androidx.glance:glance-appwidget:1.1.0] AndroidManifest.xml:23:9-28:62
60            android:name="androidx.glance.appwidget.action.ActionTrampolineActivity"
60-->[androidx.glance:glance-appwidget:1.1.0] AndroidManifest.xml:24:13-85
61            android:enabled="true"
61-->[androidx.glance:glance-appwidget:1.1.0] AndroidManifest.xml:25:13-35
62            android:excludeFromRecents="true"
62-->[androidx.glance:glance-appwidget:1.1.0] AndroidManifest.xml:26:13-46
63            android:exported="false"
63-->[androidx.glance:glance-appwidget:1.1.0] AndroidManifest.xml:27:13-37
64            android:theme="@android:style/Theme.NoDisplay" />
64-->[androidx.glance:glance-appwidget:1.1.0] AndroidManifest.xml:28:13-59
65        <activity
65-->[androidx.glance:glance-appwidget:1.1.0] AndroidManifest.xml:29:9-36:81
66            android:name="androidx.glance.appwidget.action.InvisibleActionTrampolineActivity"
66-->[androidx.glance:glance-appwidget:1.1.0] AndroidManifest.xml:30:13-94
67            android:enabled="true"
67-->[androidx.glance:glance-appwidget:1.1.0] AndroidManifest.xml:31:13-35
68            android:exported="false"
68-->[androidx.glance:glance-appwidget:1.1.0] AndroidManifest.xml:32:13-37
69            android:launchMode="singleInstance"
69-->[androidx.glance:glance-appwidget:1.1.0] AndroidManifest.xml:33:13-48
70            android:noHistory="true"
70-->[androidx.glance:glance-appwidget:1.1.0] AndroidManifest.xml:34:13-37
71            android:taskAffinity="androidx.glance.appwidget.ListAdapterCallbackTrampoline"
71-->[androidx.glance:glance-appwidget:1.1.0] AndroidManifest.xml:35:13-91
72            android:theme="@style/Widget.Glance.AppWidget.CallbackTrampoline" />
72-->[androidx.glance:glance-appwidget:1.1.0] AndroidManifest.xml:36:13-78
73
74        <receiver
74-->[androidx.glance:glance-appwidget:1.1.0] AndroidManifest.xml:38:9-41:40
75            android:name="androidx.glance.appwidget.action.ActionCallbackBroadcastReceiver"
75-->[androidx.glance:glance-appwidget:1.1.0] AndroidManifest.xml:39:13-92
76            android:enabled="true"
76-->[androidx.glance:glance-appwidget:1.1.0] AndroidManifest.xml:40:13-35
77            android:exported="false" />
77-->[androidx.glance:glance-appwidget:1.1.0] AndroidManifest.xml:41:13-37
78        <receiver
78-->[androidx.glance:glance-appwidget:1.1.0] AndroidManifest.xml:42:9-45:40
79            android:name="androidx.glance.appwidget.UnmanagedSessionReceiver"
79-->[androidx.glance:glance-appwidget:1.1.0] AndroidManifest.xml:43:13-78
80            android:enabled="true"
80-->[androidx.glance:glance-appwidget:1.1.0] AndroidManifest.xml:44:13-35
81            android:exported="false" />
81-->[androidx.glance:glance-appwidget:1.1.0] AndroidManifest.xml:45:13-37
82        <receiver
82-->[androidx.glance:glance-appwidget:1.1.0] AndroidManifest.xml:46:9-53:20
83            android:name="androidx.glance.appwidget.MyPackageReplacedReceiver"
83-->[androidx.glance:glance-appwidget:1.1.0] AndroidManifest.xml:47:13-79
84            android:enabled="true"
84-->[androidx.glance:glance-appwidget:1.1.0] AndroidManifest.xml:48:13-35
85            android:exported="false" >
85-->[androidx.glance:glance-appwidget:1.1.0] AndroidManifest.xml:49:13-37
86            <intent-filter>
86-->[androidx.glance:glance-appwidget:1.1.0] AndroidManifest.xml:50:13-52:29
87                <action android:name="android.intent.action.MY_PACKAGE_REPLACED" />
87-->[androidx.glance:glance-appwidget:1.1.0] AndroidManifest.xml:51:17-84
87-->[androidx.glance:glance-appwidget:1.1.0] AndroidManifest.xml:51:25-81
88            </intent-filter>
89        </receiver>
90
91        <service
91-->[androidx.glance:glance-appwidget:1.1.0] AndroidManifest.xml:55:9-58:72
92            android:name="androidx.glance.appwidget.GlanceRemoteViewsService"
92-->[androidx.glance:glance-appwidget:1.1.0] AndroidManifest.xml:56:13-78
93            android:exported="true"
93-->[androidx.glance:glance-appwidget:1.1.0] AndroidManifest.xml:57:13-36
94            android:permission="android.permission.BIND_REMOTEVIEWS" />
94-->[androidx.glance:glance-appwidget:1.1.0] AndroidManifest.xml:58:13-69
95
96        <provider
96-->[androidx.work:work-runtime:2.9.0] AndroidManifest.xml:29:9-37:20
97            android:name="androidx.startup.InitializationProvider"
97-->[androidx.work:work-runtime:2.9.0] AndroidManifest.xml:30:13-67
98            android:authorities="com.habittracker.app.androidx-startup"
98-->[androidx.work:work-runtime:2.9.0] AndroidManifest.xml:31:13-68
99            android:exported="false" >
99-->[androidx.work:work-runtime:2.9.0] AndroidManifest.xml:32:13-37
100            <meta-data
100-->[androidx.work:work-runtime:2.9.0] AndroidManifest.xml:34:13-36:52
101                android:name="androidx.work.WorkManagerInitializer"
101-->[androidx.work:work-runtime:2.9.0] AndroidManifest.xml:35:17-68
102                android:value="androidx.startup" />
102-->[androidx.work:work-runtime:2.9.0] AndroidManifest.xml:36:17-49
103            <meta-data
103-->[androidx.emoji2:emoji2:1.3.0] AndroidManifest.xml:29:13-31:52
104                android:name="androidx.emoji2.text.EmojiCompatInitializer"
104-->[androidx.emoji2:emoji2:1.3.0] AndroidManifest.xml:30:17-75
105                android:value="androidx.startup" />
105-->[androidx.emoji2:emoji2:1.3.0] AndroidManifest.xml:31:17-49
106            <meta-data
106-->[androidx.lifecycle:lifecycle-process:2.8.6] AndroidManifest.xml:29:13-31:52
107                android:name="androidx.lifecycle.ProcessLifecycleInitializer"
107-->[androidx.lifecycle:lifecycle-process:2.8.6] AndroidManifest.xml:30:17-78
108                android:value="androidx.startup" />
108-->[androidx.lifecycle:lifecycle-process:2.8.6] AndroidManifest.xml:31:17-49
109            <meta-data
109-->[androidx.profileinstaller:profileinstaller:1.3.1] AndroidManifest.xml:29:13-31:52
110                android:name="androidx.profileinstaller.ProfileInstallerInitializer"
110-->[androidx.profileinstaller:profileinstaller:1.3.1] AndroidManifest.xml:30:17-85
111                android:value="androidx.startup" />
111-->[androidx.profileinstaller:profileinstaller:1.3.1] AndroidManifest.xml:31:17-49
112        </provider>
113
114        <service
114-->[androidx.work:work-runtime:2.9.0] AndroidManifest.xml:39:9-45:35
115            android:name="androidx.work.impl.background.systemalarm.SystemAlarmService"
115-->[androidx.work:work-runtime:2.9.0] AndroidManifest.xml:40:13-88
116            android:directBootAware="false"
116-->[androidx.work:work-runtime:2.9.0] AndroidManifest.xml:41:13-44
117            android:enabled="@bool/enable_system_alarm_service_default"
117-->[androidx.work:work-runtime:2.9.0] AndroidManifest.xml:42:13-72
118            android:exported="false" />
118-->[androidx.work:work-runtime:2.9.0] AndroidManifest.xml:43:13-37
119        <service
119-->[androidx.work:work-runtime:2.9.0] AndroidManifest.xml:46:9-52:35
120            android:name="androidx.work.impl.background.systemjob.SystemJobService"
120-->[androidx.work:work-runtime:2.9.0] AndroidManifest.xml:47:13-84
121            android:directBootAware="false"
121-->[androidx.work:work-runtime:2.9.0] AndroidManifest.xml:48:13-44
122            android:enabled="@bool/enable_system_job_service_default"
122-->[androidx.work:work-runtime:2.9.0] AndroidManifest.xml:49:13-70
123            android:exported="true"
123-->[androidx.work:work-runtime:2.9.0] AndroidManifest.xml:50:13-36
124            android:permission="android.permission.BIND_JOB_SERVICE" />
124-->[androidx.work:work-runtime:2.9.0] AndroidManifest.xml:51:13-69
125        <service
125-->[androidx.work:work-runtime:2.9.0] AndroidManifest.xml:53:9-59:35
126            android:name="androidx.work.impl.foreground.SystemForegroundService"
126-->[androidx.work:work-runtime:2.9.0] AndroidManifest.xml:54:13-81
127            android:directBootAware="false"
127-->[androidx.work:work-runtime:2.9.0] AndroidManifest.xml:55:13-44
128            android:enabled="@bool/enable_system_foreground_service_default"
128-->[androidx.work:work-runtime:2.9.0] AndroidManifest.xml:56:13-77
129            android:exported="false" />
129-->[androidx.work:work-runtime:2.9.0] AndroidManifest.xml:57:13-37
130
131        <receiver
131-->[androidx.work:work-runtime:2.9.0] AndroidManifest.xml:61:9-66:35
132            android:name="androidx.work.impl.utils.ForceStopRunnable$BroadcastReceiver"
132-->[androidx.work:work-runtime:2.9.0] AndroidManifest.xml:62:13-88
133            android:directBootAware="false"
133-->[androidx.work:work-runtime:2.9.0] AndroidManifest.xml:63:13-44
134            android:enabled="true"
134-->[androidx.work:work-runtime:2.9.0] AndroidManifest.xml:64:13-35
135            android:exported="false" />
135-->[androidx.work:work-runtime:2.9.0] AndroidManifest.xml:65:13-37
136        <receiver
136-->[androidx.work:work-runtime:2.9.0] AndroidManifest.xml:67:9-77:20
137            android:name="androidx.work.impl.background.systemalarm.ConstraintProxy$BatteryChargingProxy"
137-->[androidx.work:work-runtime:2.9.0] AndroidManifest.xml:68:13-106
138            android:directBootAware="false"
138-->[androidx.work:work-runtime:2.9.0] AndroidManifest.xml:69:13-44
139            android:enabled="false"
139-->[androidx.work:work-runtime:2.9.0] AndroidManifest.xml:70:13-36
140            android:exported="false" >
140-->[androidx.work:work-runtime:2.9.0] AndroidManifest.xml:71:13-37
141            <intent-filter>
141-->[androidx.work:work-runtime:2.9.0] AndroidManifest.xml:73:13-76:29
142                <action android:name="android.intent.action.ACTION_POWER_CONNECTED" />
142-->[androidx.work:work-runtime:2.9.0] AndroidManifest.xml:74:17-87
142-->[androidx.work:work-runtime:2.9.0] AndroidManifest.xml:74:25-84
143                <action android:name="android.intent.action.ACTION_POWER_DISCONNECTED" />
143-->[androidx.work:work-runtime:2.9.0] AndroidManifest.xml:75:17-90
143-->[androidx.work:work-runtime:2.9.0] AndroidManifest.xml:75:25-87
144            </intent-filter>
145        </receiver>
146        <receiver
146-->[androidx.work:work-runtime:2.9.0] AndroidManifest.xml:78:9-88:20
147            android:name="androidx.work.impl.background.systemalarm.ConstraintProxy$BatteryNotLowProxy"
147-->[androidx.work:work-runtime:2.9.0] AndroidManifest.xml:79:13-104
148            android:directBootAware="false"
148-->[androidx.work:work-runtime:2.9.0] AndroidManifest.xml:80:13-44
149            android:enabled="false"
149-->[androidx.work:work-runtime:2.9.0] AndroidManifest.xml:81:13-36
150            android:exported="false" >
150-->[androidx.work:work-runtime:2.9.0] AndroidManifest.xml:82:13-37
151            <intent-filter>
151-->[androidx.work:work-runtime:2.9.0] AndroidManifest.xml:84:13-87:29
152                <action android:name="android.intent.action.BATTERY_OKAY" />
152-->[androidx.work:work-runtime:2.9.0] AndroidManifest.xml:85:17-77
152-->[androidx.work:work-runtime:2.9.0] AndroidManifest.xml:85:25-74
153                <action android:name="android.intent.action.BATTERY_LOW" />
153-->[androidx.work:work-runtime:2.9.0] AndroidManifest.xml:86:17-76
153-->[androidx.work:work-runtime:2.9.0] AndroidManifest.xml:86:25-73
154            </intent-filter>
155        </receiver>
156        <receiver
156-->[androidx.work:work-runtime:2.9.0] AndroidManifest.xml:89:9-99:20
157            android:name="androidx.work.impl.background.systemalarm.ConstraintProxy$StorageNotLowProxy"
157-->[androidx.work:work-runtime:2.9.0] AndroidManifest.xml:90:13-104
158            android:directBootAware="false"
158-->[androidx.work:work-runtime:2.9.0] AndroidManifest.xml:91:13-44
159            android:enabled="false"
159-->[androidx.work:work-runtime:2.9.0] AndroidManifest.xml:92:13-36
160            android:exported="false" >
160-->[androidx.work:work-runtime:2.9.0] AndroidManifest.xml:93:13-37
161            <intent-filter>
161-->[androidx.work:work-runtime:2.9.0] AndroidManifest.xml:95:13-98:29
162                <action android:name="android.intent.action.DEVICE_STORAGE_LOW" />
162-->[androidx.work:work-runtime:2.9.0] AndroidManifest.xml:96:17-83
162-->[androidx.work:work-runtime:2.9.0] AndroidManifest.xml:96:25-80
163                <action android:name="android.intent.action.DEVICE_STORAGE_OK" />
163-->[androidx.work:work-runtime:2.9.0] AndroidManifest.xml:97:17-82
163-->[androidx.work:work-runtime:2.9.0] AndroidManifest.xml:97:25-79
164            </intent-filter>
165        </receiver>
166        <receiver
166-->[androidx.work:work-runtime:2.9.0] AndroidManifest.xml:100:9-109:20
167            android:name="androidx.work.impl.background.systemalarm.ConstraintProxy$NetworkStateProxy"
167-->[androidx.work:work-runtime:2.9.0] AndroidManifest.xml:101:13-103
168            android:directBootAware="false"
168-->[androidx.work:work-runtime:2.9.0] AndroidManifest.xml:102:13-44
169            android:enabled="false"
169-->[androidx.work:work-runtime:2.9.0] AndroidManifest.xml:103:13-36
170            android:exported="false" >
170-->[androidx.work:work-runtime:2.9.0] AndroidManifest.xml:104:13-37
171            <intent-filter>
171-->[androidx.work:work-runtime:2.9.0] AndroidManifest.xml:106:13-108:29
172                <action android:name="android.net.conn.CONNECTIVITY_CHANGE" />
172-->[androidx.work:work-runtime:2.9.0] AndroidManifest.xml:107:17-79
172-->[androidx.work:work-runtime:2.9.0] AndroidManifest.xml:107:25-76
173            </intent-filter>
174        </receiver>
175        <receiver
175-->[androidx.work:work-runtime:2.9.0] AndroidManifest.xml:110:9-121:20
176            android:name="androidx.work.impl.background.systemalarm.RescheduleReceiver"
176-->[androidx.work:work-runtime:2.9.0] AndroidManifest.xml:111:13-88
177            android:directBootAware="false"
177-->[androidx.work:work-runtime:2.9.0] AndroidManifest.xml:112:13-44
178            android:enabled="false"
178-->[androidx.work:work-runtime:2.9.0] AndroidManifest.xml:113:13-36
179            android:exported="false" >
179-->[androidx.work:work-runtime:2.9.0] AndroidManifest.xml:114:13-37
180            <intent-filter>
180-->[androidx.work:work-runtime:2.9.0] AndroidManifest.xml:116:13-120:29
181                <action android:name="android.intent.action.BOOT_COMPLETED" />
181-->[androidx.work:work-runtime:2.9.0] AndroidManifest.xml:117:17-79
181-->[androidx.work:work-runtime:2.9.0] AndroidManifest.xml:117:25-76
182                <action android:name="android.intent.action.TIME_SET" />
182-->[androidx.work:work-runtime:2.9.0] AndroidManifest.xml:118:17-73
182-->[androidx.work:work-runtime:2.9.0] AndroidManifest.xml:118:25-70
183                <action android:name="android.intent.action.TIMEZONE_CHANGED" />
183-->[androidx.work:work-runtime:2.9.0] AndroidManifest.xml:119:17-81
183-->[androidx.work:work-runtime:2.9.0] AndroidManifest.xml:119:25-78
184            </intent-filter>
185        </receiver>
186        <receiver
186-->[androidx.work:work-runtime:2.9.0] AndroidManifest.xml:122:9-131:20
187            android:name="androidx.work.impl.background.systemalarm.ConstraintProxyUpdateReceiver"
187-->[androidx.work:work-runtime:2.9.0] AndroidManifest.xml:123:13-99
188            android:directBootAware="false"
188-->[androidx.work:work-runtime:2.9.0] AndroidManifest.xml:124:13-44
189            android:enabled="@bool/enable_system_alarm_service_default"
189-->[androidx.work:work-runtime:2.9.0] AndroidManifest.xml:125:13-72
190            android:exported="false" >
190-->[androidx.work:work-runtime:2.9.0] AndroidManifest.xml:126:13-37
191            <intent-filter>
191-->[androidx.work:work-runtime:2.9.0] AndroidManifest.xml:128:13-130:29
192                <action android:name="androidx.work.impl.background.systemalarm.UpdateProxies" />
192-->[androidx.work:work-runtime:2.9.0] AndroidManifest.xml:129:17-98
192-->[androidx.work:work-runtime:2.9.0] AndroidManifest.xml:129:25-95
193            </intent-filter>
194        </receiver>
195        <receiver
195-->[androidx.work:work-runtime:2.9.0] AndroidManifest.xml:132:9-142:20
196            android:name="androidx.work.impl.diagnostics.DiagnosticsReceiver"
196-->[androidx.work:work-runtime:2.9.0] AndroidManifest.xml:133:13-78
197            android:directBootAware="false"
197-->[androidx.work:work-runtime:2.9.0] AndroidManifest.xml:134:13-44
198            android:enabled="true"
198-->[androidx.work:work-runtime:2.9.0] AndroidManifest.xml:135:13-35
199            android:exported="true"
199-->[androidx.work:work-runtime:2.9.0] AndroidManifest.xml:136:13-36
200            android:permission="android.permission.DUMP" >
200-->[androidx.work:work-runtime:2.9.0] AndroidManifest.xml:137:13-57
201            <intent-filter>
201-->[androidx.work:work-runtime:2.9.0] AndroidManifest.xml:139:13-141:29
202                <action android:name="androidx.work.diagnostics.REQUEST_DIAGNOSTICS" />
202-->[androidx.work:work-runtime:2.9.0] AndroidManifest.xml:140:17-88
202-->[androidx.work:work-runtime:2.9.0] AndroidManifest.xml:140:25-85
203            </intent-filter>
204        </receiver>
205
206        <service
206-->[androidx.core:core-remoteviews:1.1.0] AndroidManifest.xml:24:9-27:63
207            android:name="androidx.core.widget.RemoteViewsCompatService"
207-->[androidx.core:core-remoteviews:1.1.0] AndroidManifest.xml:25:13-73
208            android:permission="android.permission.BIND_REMOTEVIEWS" />
208-->[androidx.core:core-remoteviews:1.1.0] AndroidManifest.xml:26:13-69
209
210        <activity
210-->[androidx.compose.ui:ui-tooling-android:1.7.3] AndroidManifest.xml:23:9-25:39
211            android:name="androidx.compose.ui.tooling.PreviewActivity"
211-->[androidx.compose.ui:ui-tooling-android:1.7.3] AndroidManifest.xml:24:13-71
212            android:exported="true" />
212-->[androidx.compose.ui:ui-tooling-android:1.7.3] AndroidManifest.xml:25:13-36
213
214        <service
214-->[androidx.room:room-runtime:2.6.1] AndroidManifest.xml:24:9-28:63
215            android:name="androidx.room.MultiInstanceInvalidationService"
215-->[androidx.room:room-runtime:2.6.1] AndroidManifest.xml:25:13-74
216            android:directBootAware="true"
216-->[androidx.room:room-runtime:2.6.1] AndroidManifest.xml:26:13-43
217            android:exported="false" />
217-->[androidx.room:room-runtime:2.6.1] AndroidManifest.xml:27:13-37
218
219        <receiver
219-->[androidx.profileinstaller:profileinstaller:1.3.1] AndroidManifest.xml:34:9-52:20
220            android:name="androidx.profileinstaller.ProfileInstallReceiver"
220-->[androidx.profileinstaller:profileinstaller:1.3.1] AndroidManifest.xml:35:13-76
221            android:directBootAware="false"
221-->[androidx.profileinstaller:profileinstaller:1.3.1] AndroidManifest.xml:36:13-44
222            android:enabled="true"
222-->[androidx.profileinstaller:profileinstaller:1.3.1] AndroidManifest.xml:37:13-35
223            android:exported="true"
223-->[androidx.profileinstaller:profileinstaller:1.3.1] AndroidManifest.xml:38:13-36
224            android:permission="android.permission.DUMP" >
224-->[androidx.profileinstaller:profileinstaller:1.3.1] AndroidManifest.xml:39:13-57
225            <intent-filter>
225-->[androidx.profileinstaller:profileinstaller:1.3.1] AndroidManifest.xml:40:13-42:29
226                <action android:name="androidx.profileinstaller.action.INSTALL_PROFILE" />
226-->[androidx.profileinstaller:profileinstaller:1.3.1] AndroidManifest.xml:41:17-91
226-->[androidx.profileinstaller:profileinstaller:1.3.1] AndroidManifest.xml:41:25-88
227            </intent-filter>
228            <intent-filter>
228-->[androidx.profileinstaller:profileinstaller:1.3.1] AndroidManifest.xml:43:13-45:29
229                <action android:name="androidx.profileinstaller.action.SKIP_FILE" />
229-->[androidx.profileinstaller:profileinstaller:1.3.1] AndroidManifest.xml:44:17-85
229-->[androidx.profileinstaller:profileinstaller:1.3.1] AndroidManifest.xml:44:25-82
230            </intent-filter>
231            <intent-filter>
231-->[androidx.profileinstaller:profileinstaller:1.3.1] AndroidManifest.xml:46:13-48:29
232                <action android:name="androidx.profileinstaller.action.SAVE_PROFILE" />
232-->[androidx.profileinstaller:profileinstaller:1.3.1] AndroidManifest.xml:47:17-88
232-->[androidx.profileinstaller:profileinstaller:1.3.1] AndroidManifest.xml:47:25-85
233            </intent-filter>
234            <intent-filter>
234-->[androidx.profileinstaller:profileinstaller:1.3.1] AndroidManifest.xml:49:13-51:29
235                <action android:name="androidx.profileinstaller.action.BENCHMARK_OPERATION" />
235-->[androidx.profileinstaller:profileinstaller:1.3.1] AndroidManifest.xml:50:17-95
235-->[androidx.profileinstaller:profileinstaller:1.3.1] AndroidManifest.xml:50:25-92
236            </intent-filter>
237        </receiver>
238    </application>
239
240</manifest>